\BOOKMARK [0][-]{section*.1}{\376\377\144\130\211\201}{}% 1
\BOOKMARK [0][-]{section*.2}{\376\377\000A\000B\000S\000T\000R\000A\000C\000T}{}% 2
\BOOKMARK [0][-]{section*.3}{\376\377\166\356\137\125}{}% 3
\BOOKMARK [0][-]{chapter.1}{\376\377\173\054\116\000\172\340\176\352\213\272}{}% 4
\BOOKMARK [1][-]{section.1.1}{\376\377\170\024\172\166\141\017\116\111\124\214\200\314\146\157}{chapter.1}% 5
\BOOKMARK [1][-]{section.1.2}{\376\377\170\024\172\166\121\205\133\271}{chapter.1}% 6
\BOOKMARK [1][-]{section.1.3}{\376\377\172\340\202\202\133\211\143\222}{chapter.1}% 7
\BOOKMARK [0][-]{chapter.2}{\376\377\173\054\116\214\172\340\160\271\116\221\123\213\177\051}{}% 8
\BOOKMARK [1][-]{section.2.1}{\376\377\151\202\217\360}{chapter.2}% 9
\BOOKMARK [1][-]{section.2.2}{\376\377\160\271\116\221\166\204\203\267\123\326}{chapter.2}% 10
\BOOKMARK [1][-]{section.2.3}{\376\377\000G\000P\000C\000C\150\106\147\266}{chapter.2}% 11
\BOOKMARK [1][-]{section.2.4}{\376\377\121\340\117\125\117\341\140\157\177\026\170\001}{chapter.2}% 12
\BOOKMARK [2][-]{subsection.2.4.1}{\376\377\127\120\150\007\217\154\143\142}{section.2.4}% 13
\BOOKMARK [2][-]{subsection.2.4.2}{\376\377\127\120\150\007\221\317\123\026}{section.2.4}% 14
\BOOKMARK [2][-]{subsection.2.4.3}{\376\377\221\315\131\015\160\271\123\273\226\144}{section.2.4}% 15
\BOOKMARK [2][-]{subsection.2.4.4}{\376\377\121\153\123\311\150\021\177\026\170\001}{section.2.4}% 16
\BOOKMARK [2][-]{subsection.2.4.5}{\376\377\000T\000r\000i\000s\000o\000u\000p\121\340\117\125\177\026\170\001}{section.2.4}% 17
\BOOKMARK [2][-]{subsection.2.4.6}{\376\377\122\250\140\001\000O\000B\000U\000F}{section.2.4}% 18
\BOOKMARK [1][-]{section.2.5}{\376\377\134\136\140\047\117\341\140\157\177\026\170\001}{chapter.2}% 19
\BOOKMARK [2][-]{subsection.2.5.1}{\376\377\230\234\202\162\123\330\143\142}{section.2.5}% 20
\BOOKMARK [2][-]{subsection.2.5.2}{\376\377\134\136\140\047\217\154\143\142}{section.2.5}% 21
\BOOKMARK [2][-]{subsection.2.5.3}{\376\377\000R\000A\000H\000T\123\330\143\142\177\026\170\001}{section.2.5}% 22
\BOOKMARK [2][-]{subsection.2.5.4}{\376\377\000L\000i\000f\000t\000i\000n\000g\230\204\155\113\123\330\143\142\177\026\170\001}{section.2.5}% 23
\BOOKMARK [1][-]{section.2.6}{\376\377\213\304\116\367\150\007\121\306}{chapter.2}% 24
\BOOKMARK [0][-]{chapter.3}{\376\377\173\054\116\011\172\340\000T\000r\000i\000s\000o\000u\000p\230\166\160\271\150\007\213\306\116\016\117\115\177\156\117\341\140\157\166\204\161\265\177\026\170\001\117\030\123\026}{}% 25
\BOOKMARK [1][-]{section.3.1}{\376\377\000T\000r\000i\000s\000o\000u\000p\121\340\117\125\117\341\140\157\161\265\177\026\170\001\166\204\116\012\116\013\145\207}{chapter.3}% 26
\BOOKMARK [2][-]{subsection.3.1.1}{\376\377\230\166\160\271\150\007\213\306\117\341\140\157\116\012\116\013\145\207}{section.3.1}% 27
\BOOKMARK [2][-]{subsection.3.1.2}{\376\377\230\166\160\271\117\115\177\156\117\341\140\157\116\012\116\013\145\207}{section.3.1}% 28
\BOOKMARK [1][-]{section.3.2}{\376\377\116\012\116\013\145\207\117\341\140\157\161\265\155\113\221\317}{chapter.3}% 29
\BOOKMARK [1][-]{section.3.3}{\376\377\116\012\116\013\145\207\147\141\116\366\161\265\155\113\221\317}{chapter.3}% 30
\BOOKMARK [1][-]{section.3.4}{\376\377\147\054\172\340\134\017\176\323}{chapter.3}% 31
\BOOKMARK [0][-]{chapter.4}{\376\377\173\054\126\333\172\340\133\236\232\214\147\141\116\366\116\016\176\323\147\234\122\006\147\220}{}% 32
\BOOKMARK [1][-]{section.4.1}{\376\377\133\236\232\214\221\115\177\156}{chapter.4}% 33
\BOOKMARK [2][-]{subsection.4.1.1}{\376\377\155\113\213\325\136\217\122\027}{section.4.1}% 34
\BOOKMARK [2][-]{subsection.4.1.2}{\376\377\155\113\213\325\147\141\116\366}{section.4.1}% 35
\BOOKMARK [1][-]{section.4.2}{\376\377\133\236\232\214\176\323\147\234\122\006\147\220}{chapter.4}% 36
\BOOKMARK [2][-]{subsection.4.2.1}{\376\377\116\012\116\013\145\207\145\071\217\333\176\323\147\234}{section.4.2}% 37
\BOOKMARK [2][-]{subsection.4.2.2}{\376\377\176\323\147\234\122\006\147\220}{section.4.2}% 38
\BOOKMARK [0][-]{chapter.5}{\376\377\173\054\116\224\172\340\140\073\176\323\116\016\134\125\147\033}{}% 39
\BOOKMARK [1][-]{section.5.1}{\376\377\140\073\176\323}{chapter.5}% 40
\BOOKMARK [1][-]{section.5.2}{\376\377\134\125\147\033}{chapter.5}% 41
\BOOKMARK [0][-]{section*.42}{\376\377\201\364\214\042}{}% 42
\BOOKMARK [0][-]{section*.43}{\376\377\123\302\200\003\145\207\163\056}{}% 43
